<?xml version="1.0" encoding="UTF-8" ?>
<testsuites>
  <testsuite failures="1" hostname="LAPTOP-72V7EMJO" id="0" name="demo/tests" package="" skipped="0" tests="2" time="75.815" timestamp="Fri Apr 23 14:31:26 IST 2021">
	    <properties>
		      <property name="excludeCallableTestCases" value="true" />

		      <property name="testEnvironment" value="" />

		      <property name="pluginOutputLevel" value="WARNING" />

		      <property name="projectPath" value=".." />

		      <property name="salesforceMetadataCache" value="Reuse" />

		      <property name="resultsPathDisposition" value="Increment" />

		      <property name="testOutputLevel" value="INFO" />

		      <property name="webBrowserType" value="Chrome" />

		      <property name="resultsPath" value="../ANT/Results" />

		      <property name="webBrowserConfiguration" value="Full Screen" />

		      <property name="projectCachePath" value="C:\Users\karth\Provar\Workspace1\demo\ANT\..\..\.provarCaches" />

	    </properties>

	    <testcase classname="tests/Account API.testcase" name="Account API.testcase" time="7.443">
	</testcase>

	    <testcase classname="tests/Test Case 2.testcase" name="Test Case 2.testcase" time="44.875">
		      <failure message="Execution failed"><![CDATA[Failed to set the value of the Value parameter.  Cause: Error reading template file.  Path: C:\Users\karth\Provar\Workspace1\demo\ProvrTesting1, message: [FileNotFoundException: C:\Users\karth\Provar\Workspace1\demo\ProvrTesting1 (The system cannot find the file specified)]]]></failure>

	    </testcase>

  </testsuite>
</testsuites>
