<?xml version="1.0" encoding="UTF-8" ?>
<testsuites>
  <testsuite failures="0" hostname="LAPTOP-72V7EMJO" id="0" name="demo/tests" package="" skipped="0" tests="6" time="475.861" timestamp="Tue May 04 14:01:59 IST 2021">
	    <properties>
		      <property name="excludeCallableTestCases" value="true" />

		      <property name="testEnvironment" value="" />

		      <property name="pluginOutputLevel" value="WARNING" />

		      <property name="projectPath" value=".." />

		      <property name="salesforceMetadataCache" value="Reuse" />

		      <property name="resultsPathDisposition" value="Increment" />

		      <property name="testOutputLevel" value="INFO" />

		      <property name="webBrowserType" value="Chrome" />

		      <property name="resultsPath" value="../ANT/Results" />

		      <property name="webBrowserConfiguration" value="Full Screen" />

		      <property name="projectCachePath" value="C:\Users\karth\git\Provar-Demo\demo\ANT\..\.provarCaches" />

	    </properties>

	    <testcase classname="tests/Trial Tests\Lessons\Lesson 1 and 2 Create Lead.testcase" name="Lesson 1 and 2 Create Lead.testcase" time="57.077">
	</testcase>

	    <testcase classname="tests/Trial Tests\Lessons\Lesson 3 Create Opportunity.testcase" name="Lesson 3 Create Opportunity.testcase" time="76.637">
	</testcase>

	    <testcase classname="tests/Trial Tests\Lessons\Lesson 4 Create Opportunity2.testcase" name="Lesson 4 Create Opportunity2.testcase" time="76.57">
	</testcase>

	    <testcase classname="tests/Trial Tests\Lessons\Lesson 5 Log a Call.testcase" name="Lesson 5 Log a Call.testcase" time="71.182">
	</testcase>

	    <testcase classname="tests/Trial Tests\Lessons\Lesson 6 Callable Create Opportunity.testcase" name="Lesson 6 Callable Create Opportunity.testcase" time="5.697">
	</testcase>

	    <testcase classname="tests/Trial Tests\Lessons\Lesson 6 Manage Account.testcase" name="Lesson 6 Manage Account.testcase" time="60.643">
	</testcase>

  </testsuite>
</testsuites>
